<?xml version="1.0" encoding="UTF-8"?>
<!-- Generated by org.testng.reporters.JUnitReportReporter -->
<testsuite hostname="LAPTOP-V4V0BJM3" failures="0" tests="1" name="com.wallet.qa.testcases.WriteReviewandVerify" time="26.592" errors="0" timestamp="21 Jan 2022 20:04:13 GMT" skipped="0">
  <testcase classname="com.wallet.qa.testcases.WriteReviewandVerify" name="writeReview" time="26.592"/>
</testsuite> <!-- com.wallet.qa.testcases.WriteReviewandVerify -->
